C51 COMPILER V9.59.0.0   KEY                                                               06/20/2019 11:18:55 PAGE 1   


C51 COMPILER V9.59.0.0, COMPILATION OF MODULE KEY
OBJECT MODULE PLACED IN .\Objects\Key.obj
COMPILER INVOKED BY: E:\keil V5\C51\BIN\C51.EXE Hardware\Key\Key.c OPTIMIZE(8,SPEED) BROWSE INCDIR(.\Hardware\Key;.\Syst
                    -em;.\Hardware\InfraRed;.\Hardware\Secret;.\Hardware\LCD1602;.\Hardware\DS18B20;.\Hardware\DS1302;.\Hardware\IIC;.\Hardwa
                    -re\PCF8591;.\Hardware\ULN2003) DEBUG OBJECTEXTEND PRINT(.\Listings\Key.lst) TABS(2) OBJECT(.\Objects\Key.obj)

line level    source

   1          #include "Sys.h"
   2          
   3          
   4          void delay(uint z)
   5          {
   6   1        uint x,y;
   7   1        for(x = z; x > 0; x--)
   8   1          for(y = 114; y > 0 ; y--);
   9   1      }
  10          
  11          //将例程中按键扫描修改，先扫描行，再扫描列，不然会与LCD1602冲突
  12          
  13          uchar KeyScan() //带返回值的子函数
  14          {
  15   1        uchar KeyValue=22;
  16   1        P3 = 0x0f;//判断哪一行被按下
  17   1        if(P3 != 0x0f)
  18   1        {
  19   2          delay(5);//软件消抖
  20   2          if( P3 != 0x0f)
  21   2          {
  22   3            switch(P3)
  23   3            {
  24   4              case 0x0e:  KeyValue = 0; break;
  25   4              case 0x0d:  KeyValue = 4; break;
  26   4              case 0x0b:  KeyValue = 8; break;
  27   4              case 0x07:  KeyValue = 12;  break;
  28   4            }
  29   3            P3 = 0xf0;//判断哪一列被按下
  30   3            switch(P3)
  31   3            {
  32   4              case 0xe0:  KeyValue = KeyValue;  break;
  33   4              case 0xd0:  KeyValue += 1;  break;
  34   4              case 0xb0:  KeyValue += 2;  break;
  35   4              case 0x70:  KeyValue += 3;  break;
  36   4            }
  37   3            while(P3 != 0xf0);//松手检测
  38   3          }     
  39   2        }
  40   1        
  41   1        P3 = 0xff;//判断独立按键
  42   1        if(P3 != 0xff)
  43   1        {
  44   2          delay(5);//软件消抖
  45   2          if( P3 != 0xff)
  46   2          {
  47   3            switch(P3)
  48   3            {
  49   4              case 0xfe:  KeyValue = 16;  break;
  50   4              case 0xfd:  KeyValue = 17;  break;
  51   4              case 0xfb:  KeyValue = 18;  break;
  52   4              case 0xf7:  KeyValue = 19;  break;
  53   4            }
C51 COMPILER V9.59.0.0   KEY                                                               06/20/2019 11:18:55 PAGE 2   

  54   3            while(P3 != 0xff);//松手检测
  55   3          } 
  56   2        } 
  57   1        if(KeyValue!=22&&(KeyValue>9&&KeyValue<16))//a~f,+39
  58   1        {
  59   2          KeyValue+=39;
  60   2        }
  61   1        return KeyValue;
  62   1      }


MODULE INFORMATION:   STATIC OVERLAYABLE
   CODE SIZE        =    237    ----
   CONSTANT SIZE    =   ----    ----
   XDATA SIZE       =   ----    ----
   PDATA SIZE       =   ----    ----
   DATA SIZE        =   ----       1
   IDATA SIZE       =   ----    ----
   BIT SIZE         =   ----    ----
END OF MODULE INFORMATION.


C51 COMPILATION COMPLETE.  0 WARNING(S),  0 ERROR(S)
