C51 COMPILER V9.59.0.0   MAIN                                                              06/20/2019 11:44:38 PAGE 1   


C51 COMPILER V9.59.0.0, COMPILATION OF MODULE MAIN
OBJECT MODULE PLACED IN .\Objects\main.obj
COMPILER INVOKED BY: E:\keil V5\C51\BIN\C51.EXE main.c OPTIMIZE(8,SPEED) BROWSE INCDIR(.\Hardware\Key;.\System;.\Hardwar
                    -e\InfraRed;.\Hardware\Secret;.\Hardware\LCD1602;.\Hardware\DS18B20;.\Hardware\DS1302;.\Hardware\IIC;.\Hardware\PCF8591;.
                    -\Hardware\ULN2003) DEBUG OBJECTEXTEND PRINT(.\Listings\main.lst) TABS(2) OBJECT(.\Objects\main.obj)

line level    source

   1          //由于红外和独立、矩阵键盘都是用的P3（红外P3.2），所以当开锁后使用红外，然后关锁后，第一次输入密码会在后面
             -一点
   2          
   3          #include "Sys.h"
   4          int temp=0;
   5          extern uchar password_original[5];//原密码
   6          extern uchar IRcord[4]; //储存解码后的4个字节数据
   7          extern uchar IRdata[33];//包含起始码在内的33位数据
   8          extern uchar Lock;
   9          extern uchar chance;
  10          extern uint Beeptime;
  11          uchar choosemode=0;
  12          extern bit IRpro_ok;    //解码后4个字节数据接收完成标志位
  13          extern bit IRok;//33位数据接收完成标志位
  14          extern uchar TimeData[7];
  15          uchar readflag=0;
  16          extern uchar AD_Value;  //存储AD转换回的数字量
  17          extern unsigned char pwm_motor_val;//左右电机占空比值,越小快
  18          extern unsigned char pwm_t;//周期
  19          extern unsigned char datas[5];
  20          uchar LightControl=Machine;
  21          //等于Human：人为控制，LightHuman有效，LightMachine失效，等于Machine：智能控制，LightMachine失效，LightMac
             -hine有效
  22          uchar LightHuman=LightOff;
  23          uchar LightMachine=LightOff;
  24          
  25          uchar FanControl=Machine;
  26          //等于Human：人为控制，LightHuman有效，LightMachine失效，等于Machine：智能控制，LightMachine失效，LightMac
             -hine有效
  27          uchar FanHuman=FanOff;
  28          uchar FanMachine=FanOff;
  29          
  30          void choose(uchar i);
  31          //void openstring();
  32          void Timer1Init();
  33          sbit LED1= P1^0;   //读取AD的值是否成功（亮成功，灭失败）
  34          sbit LED2= P1^1;   //DAC成功输出（亮成功，灭失败）
  35          void main()
  36          {
  37   1        
  38   1        uchar i=0;
  39   1        Timer1Init();
  40   1        InitLcd1602();
  41   1        I2C_init();
  42   1      //  while(1)//测试光敏电阻和DA输出
  43   1      //  {
  44   1      //    
  45   1      //    if (ADC_Read(0x00)) LED1 = 0; else  LED1 = 1; 
  46   1      //    AD_Value=LightOff;
  47   1      //    if (DAC_OUT(AD_Value))  LED2 = 0; else  LED2 = 1;
  48   1      //    DisplayOneChar(0,0,AD_Value);
  49   1      //    Delayms(5);
  50   1      //  }
C51 COMPILER V9.59.0.0   MAIN                                                              06/20/2019 11:44:38 PAGE 2   

  51   1      
  52   1      //  for(i=1;i<6;i++)//用于写第一次的密码到EEPROM
  53   1      //  {
  54   1      //    I2C_TransmitData(i,password_original[i-1]);
  55   1      //    Delayms(5);
  56   1      //  }
  57   1        
  58   1        Delayms(5);
  59   1        for(i=1;i<6;i++)
  60   1        {
  61   2          password_original[i-1]=I2C_ReceiveData(i);
  62   2          Delayms(5);
  63   2        }
  64   1        init();
  65   1        DUAN=0;
  66   1        WEI=0;
  67   1      
  68   1        Set_DS1302_Time(DS1302_W_ADDR); //先写入时钟日历寄存器起始地址再设置时钟日历初值
  69   1        while(1)
  70   1        {
  71   2          choose(choosemode);
  72   2        }
  73   1      }
  74          
  75          void choose(uchar i)
  76          {
  77   1        
  78   1        uchar Input=22;
  79   1        switch(i)
  80   1        {
  81   2          case 0://*******************************************************已关门，输入密码
  82   2            Lcd1602_Write_Cmd(0x01);
  83   2            LcdShowStr(0,0,"Input secret.");
  84   2            while(1)
  85   2            {
  86   3              if(IRok)
  87   3              {
  88   4                IRcordpro();//根据脉宽解码出4个字节数据
  89   4                IRok=0;//清零脉宽检查完成标志位等待下一次脉宽检查
  90   4                if(IRpro_ok)//判断是否解码完成
  91   4                {
  92   5                  if(IRcord[2]==0x45)//开锁
  93   5                  {
  94   6                    Lock=LockOff;
  95   6                    choosemode=1;
  96   6                  }
  97   5                  else if(IRcord[2]==0x0c)//开灯
  98   5                  {
  99   6                    LightControl=Human;
 100   6                    LightHuman=LightOn;
 101   6                  }
 102   5                  else if(IRcord[2]==0x18)//关灯
 103   5                  {
 104   6                    LightControl=Human;
 105   6                    LightHuman=LightOff;
 106   6                  }
 107   5                  else if(IRcord[2]==0x5e)//智能灯
 108   5                  {
 109   6                    LightControl=Machine;
 110   6                    LightHuman=LightOff;
 111   6                  }
 112   5                  else if(IRcord[2]==0x08)//开风扇
C51 COMPILER V9.59.0.0   MAIN                                                              06/20/2019 11:44:38 PAGE 3   

 113   5                  {
 114   6                    FanControl=Human;
 115   6                    FanHuman=FanOn;
 116   6                  }
 117   5                  else if(IRcord[2]==0x1c)//关风扇
 118   5                  {
 119   6                    FanControl=Human;
 120   6                    FanHuman=FanOff;
 121   6                  }
 122   5                  else if(IRcord[2]==0x5a)//智能灯
 123   5                  {
 124   6                    FanControl=Machine;
 125   6                    FanHuman=FanOff;
 126   6                  }
 127   5                  IRpro_ok=0;//清零解码完成标志位
 128   5                }
 129   4              }
 130   3              if(LightControl==Human)
 131   3              {
 132   4                AD_Value=LightHuman;
 133   4              }
 134   3              else if(LightControl==Machine)
 135   3              {
 136   4                AD_Value=LightOff;
 137   4              }
 138   3              DAC_OUT(AD_Value);
 139   3              
 140   3              if(chance>0)
 141   3              {
 142   4                LcdShowStr(0,1,"Input:");
 143   4                DisplayOneChar(15,0,chance+'0');
 144   4                KeyAction();
 145   4              }
 146   3              else
 147   3              {
 148   4                LcdShowStr(0,0,"Only Inred open!");
 149   4                LcdShowStr(0,1,"      ");
 150   4                
 151   4                
 152   4                if(Beeptime==0)
 153   4                {
 154   5                  Beep=0;
 155   5                }
 156   4                if(Beep==0)
 157   4                {
 158   5                  Beeptime++;
 159   5                  if(Beeptime>100)
 160   5                    Beep=1;
 161   5                }
 162   4              }
 163   3              if(Lock==LockOff)
 164   3              {
 165   4                InitLcd1602();
 166   4                break;
 167   4              }
 168   3            }   
 169   2            break;
 170   2          case 1://**********************************************************已开门，显示温度时间
 171   2      //      Timer1Init();
 172   2      //    ET1=1;
 173   2      //    TR1=1;
 174   2            while(1)
C51 COMPILER V9.59.0.0   MAIN                                                              06/20/2019 11:44:38 PAGE 4   

 175   2            {
 176   3              
 177   3              Input=22;
 178   3      //        openstring();
 179   3              Input=KeyScan();
 180   3              if(IRok)
 181   3              {
 182   4                IRcordpro();//根据脉宽解码出4个字节数据
 183   4                IRok=0;//清零脉宽检查完成标志位等待下一次脉宽检查
 184   4                if(IRpro_ok)//判断是否解码完成
 185   4                {
 186   5                  if(IRcord[2]==0x0c)
 187   5                  {
 188   6                    LightControl=Human;
 189   6                    LightHuman=LightOn;
 190   6                  }
 191   5                  else if(IRcord[2]==0x18)
 192   5                  {
 193   6                    LightControl=Human;
 194   6                    LightHuman=LightOff;
 195   6                  }
 196   5                  else if(IRcord[2]==0x5e)
 197   5                  {
 198   6                    LightControl=Machine;
 199   6                    LightHuman=LightOff;
 200   6                  }
 201   5                  else if(IRcord[2]==0x47)
 202   5                  {
 203   6                    choosemode=0;
 204   6                    chance=3;
 205   6                    Lock=LockOn;
 206   6                    ET1=0;TR1=0;
 207   6                    LightControl=Machine;
 208   6                    AD_Value=LightOff;
 209   6                    break;
 210   6                  }
 211   5                  IRpro_ok=0;//清零解码完成标志位
 212   5                }
 213   4              }
 214   3              if(readflag==1)
 215   3              {
 216   4                readflag=0;
 217   4                //温度显示
 218   4                temp=getTmpValue();
 219   4                displayTemp(temp);
 220   4                sendChangeCmd();
 221   4                DisplayOneChar(13,1,'*');
 222   4                
 223   4                //时间显示
 224   4                Read_DS1302_Time(DS1302_R_ADDR); //先写入时钟日历寄存器起始地址再读出时钟日历写入到TimeData数组中
 225   4                DisplayOneStr (8,0,TimeData[6]); //年
 226   4                DisplayOneChar (10,0,'-');     //-
 227   4                DisplayOneStr (11,0,TimeData[4]); //月
 228   4                DisplayOneChar (13,0,'-');     //-
 229   4                DisplayOneStr (14,0,TimeData[3]);//日
 230   4                
 231   4                DisplayOneStr (0,1,TimeData[2]); //时
 232   4                DisplayOneChar (2,1,':');    //：
 233   4                DisplayOneStr (3,1,TimeData[1]); //分
 234   4                DisplayOneChar (5,1,':');    //：
 235   4                DisplayOneStr (6,1,TimeData[0]);//秒
 236   4                
C51 COMPILER V9.59.0.0   MAIN                                                              06/20/2019 11:44:38 PAGE 5   

 237   4                DisplayOneChar(10,1,'o');
 238   4              }
 239   3              if(Input==0)
 240   3              {
 241   4                LightControl=Human;
 242   4                LightHuman=LightOn;
 243   4              }
 244   3              else if(Input==1)
 245   3              {
 246   4                LightControl=Human;
 247   4                LightHuman=LightOff;
 248   4              }
 249   3              else if(Input==2)
 250   3              {
 251   4                LightControl=Machine;
 252   4                LightHuman=LightOff;
 253   4              }
 254   3              else if(Input==4)
 255   3              {
 256   4                FanControl=Human;
 257   4                FanHuman=FanOn;
 258   4              }
 259   3              else if(Input==5)
 260   3              {
 261   4                FanControl=Human;
 262   4                FanHuman=FanOff;
 263   4              }
 264   3              else if(Input==6)
 265   3              {
 266   4                FanControl=Machine;
 267   4                FanHuman=FanOff;
 268   4              }
 269   3              
 270   3              if(LightControl==Human)
 271   3              {
 272   4                AD_Value=LightHuman;
 273   4              }
 274   3              else if(LightControl==Machine)
 275   3              {
 276   4                uchar Hour;
 277   4                ADC_Read(0x00);
 278   4                Hour=BCD_Chg_Dat(TimeData[2]);
 279   4                if(!(Hour>20&&Hour<23))
 280   4                {
 281   5                  AD_Value=LightOff;
 282   5                }
 283   4              }
 284   3              DAC_OUT(AD_Value);
 285   3              if(Input==18)
 286   3              {
 287   4                choosemode=2;
 288   4                Lcd1602_Write_Cmd(0x01);
 289   4      //          ET1=0;
 290   4      //          TR1=0;
 291   4                break;
 292   4              }
 293   3              
 294   3              else if(Input==19)
 295   3              {
 296   4                choosemode=0;
 297   4                chance=3;
 298   4                Lock=LockOn;
C51 COMPILER V9.59.0.0   MAIN                                                              06/20/2019 11:44:38 PAGE 6   

 299   4      //          ET1=0;
 300   4      //          TR1=0;
 301   4                LightControl=Machine;
 302   4                FanControl=Machine;
 303   4                AD_Value=LightOff;
 304   4                _4IN=FanOff;
 305   4                break;
 306   4              }
 307   3            }
 308   2            break;
 309   2          case 2://**************************************************************修改密码
 310   2            Lcd1602_Write_Cmd(0x01);
 311   2            while(1)
 312   2            {
 313   3              uchar change=0;
 314   3              LcdShowStr(0,0,"Change secret.");
 315   3              LcdShowStr(0,1,"New secret:");
 316   3              change=changesecret();
 317   3              if(change==1)
 318   3              {
 319   4                
 320   4                break;
 321   4              }
 322   3            }
 323   2            break;
 324   2        }
 325   1      }
 326          /*
 327          void openstring()
 328          {
 329          //  LcdShowStr(0,0,"Open");
 330            Delayms(1000); //温度转换时间需要750ms以上
 331            displayTemp(getTmpValue());
 332            sendChangeCmd();
 333            LcdShowStr(13,0,"Off");
 334          //  sendChangeCmd();
 335          //  Delayms(1000);
 336          //  displayTemp(getTmpValue);
 337            
 338          }
 339          */
 340          void Timer1Init()
 341          {
 342   1        EA=1;
 343   1        ET1=1;
 344   1        TMOD|=0x10;
 345   1        TH1=(65536-50000)/256;
 346   1        TL1=(65536-50000)%256;
 347   1        TR1=1;
 348   1      }
 349          
 350          void Timer1() interrupt 3
 351          {
 352   1        static timer1num=0;
 353   1      
 354   1        TH1=(65536-50000)/256;
 355   1        TL1=(65536-50000)%256;
 356   1        timer1num++;
 357   1        
 358   1      //  ET1=0;TR1=0;
 359   1        if(timer1num==20)
 360   1        {
C51 COMPILER V9.59.0.0   MAIN                                                              06/20/2019 11:44:38 PAGE 7   

 361   2          timer1num=0;
 362   2          readflag=1;
 363   2          /*
 364   2          //读取放在中断服务函数中会干扰定时器计时
 365   2          //温度显示
 366   2          displayTemp(getTmpValue());
 367   2          sendChangeCmd();
 368   2          DisplayOneChar(13,1,'*');
 369   2          
 370   2          //时间显示
 371   2          Read_DS1302_Time(DS1302_R_ADDR); //先写入时钟日历寄存器起始地址再读出时钟日历写入到TimeData数组中
 372   2          DisplayOneStr (8,0,TimeData[6]); //年
 373   2          DisplayOneChar (10,0,'-');     //-
 374   2          DisplayOneStr (11,0,TimeData[4]); //月
 375   2          DisplayOneChar (13,0,'-');     //-
 376   2          DisplayOneStr (14,0,TimeData[3]);//日
 377   2          
 378   2          DisplayOneStr (0,1,TimeData[2]); //时
 379   2          DisplayOneChar (2,1,':');    //：
 380   2          DisplayOneStr (3,1,TimeData[1]); //分
 381   2          DisplayOneChar (5,1,':');    //：
 382   2          DisplayOneStr (6,1,TimeData[0]);//秒
 383   2          
 384   2          DisplayOneChar(10,1,'o');
 385   2          */
 386   2        }
 387   1      //  ET1=1;TR1=1;
 388   1        
 389   1      //  pwm_t++;//风扇控制
 390   1      //  if(pwm_t == 255)
 391   1      //    FanMachine = 0;
 392   1      //  else if(pwm_t==pwm_motor_val)
 393   1      //    FanMachine = 1; 
 394   1      ////  _4IN=FanMachine;
 395   1      //  if(choosemode==0)
 396   1      //  {
 397   1      //    _4IN = FanHuman;
 398   1      //  }
 399   1      //  if(choosemode==1)
 400   1      //  {
 401   1      //    if(FanControl==Machine)
 402   1      //    {
 403   1      //      if(temp>0&&datas[1]>=3&&datas[2]>=1)
 404   1      //      {
 405   1      //        _4IN=FanMachine;
 406   1      //      }
 407   1      //    }
 408   1      //  }
 409   1      //  
 410   1      //  if(FanControl==Human)
 411   1      //  {
 412   1      //    _4IN=FanHuman;
 413   1      //  }
 414   1      
 415   1      }


MODULE INFORMATION:   STATIC OVERLAYABLE
   CODE SIZE        =    841    ----
   CONSTANT SIZE    =     72    ----
   XDATA SIZE       =   ----    ----
   PDATA SIZE       =   ----    ----
C51 COMPILER V9.59.0.0   MAIN                                                              06/20/2019 11:44:38 PAGE 8   

   DATA SIZE        =     12       3
   IDATA SIZE       =   ----    ----
   BIT SIZE         =   ----    ----
END OF MODULE INFORMATION.


C51 COMPILATION COMPLETE.  0 WARNING(S),  0 ERROR(S)
