C51 COMPILER V9.59.0.0   DELAY                                                             06/17/2019 14:48:48 PAGE 1   


C51 COMPILER V9.59.0.0, COMPILATION OF MODULE DELAY
OBJECT MODULE PLACED IN .\Objects\Delay.obj
COMPILER INVOKED BY: E:\keil V5\C51\BIN\C51.EXE System\Delay.c OPTIMIZE(8,SPEED) BROWSE INCDIR(.\Hardware\Key;.\System;.
                    -\Hardware\InfraRed;.\Hardware\Secret;.\Hardware\LCD1602) DEBUG OBJECTEXTEND PRINT(.\Listings\Delay.lst) TABS(2) OBJECT(.
                    -\Objects\Delay.obj)

line level    source

   1          #include "Sys.h"
   2          
   3          
   4          void Delay1ms()   //@11.0592MHz
   5          {
   6   1        unsigned char i, j;
   7   1      
   8   1        _nop_();
   9   1        i = 2;
  10   1        j = 199;
  11   1        do
  12   1        {
  13   2          while (--j);
  14   2        } while (--i);
  15   1      }
  16          
  17          void Delayms(uchar i)
  18          {
  19   1        while(i--)
  20   1        {
  21   2          Delay1ms();
  22   2        }
  23   1      }


MODULE INFORMATION:   STATIC OVERLAYABLE
   CODE SIZE        =     24    ----
   CONSTANT SIZE    =   ----    ----
   XDATA SIZE       =   ----    ----
   PDATA SIZE       =   ----    ----
   DATA SIZE        =   ----    ----
   IDATA SIZE       =   ----    ----
   BIT SIZE         =   ----    ----
END OF MODULE INFORMATION.


C51 COMPILATION COMPLETE.  0 WARNING(S),  0 ERROR(S)
