C51 COMPILER V9.59.0.0   SECRET                                                            06/17/2019 14:53:58 PAGE 1   


C51 COMPILER V9.59.0.0, COMPILATION OF MODULE SECRET
OBJECT MODULE PLACED IN .\Objects\Secret.obj
COMPILER INVOKED BY: E:\keil V5\C51\BIN\C51.EXE Hardware\Secret\Secret.c OPTIMIZE(8,SPEED) BROWSE INCDIR(.\Hardware\Key;
                    -.\System;.\Hardware\InfraRed;.\Hardware\Secret;.\Hardware\LCD1602) DEBUG OBJECTEXTEND PRINT(.\Listings\Secret.lst) TABS(
                    -2) OBJECT(.\Objects\Secret.obj)

line level    source

   1          #include "Sys.h"
   2          
   3          uchar password_original[5]={1,2,3,4,5};//‘≠√‹¬Î
   4          uchar temp_password[5]={0,0,0,0,0};
   5          uchar password_new[5];
   6          
   7          
   8          void KeyAction()
   9          {
  10   1        uchar Input=22;
  11   1        static uchar keyWei=0;
  12   1        
  13   1        Input=KeyScan();
  14   1        
  15   1        if(Input!=22&&keyWei<5)
  16   1        {
  17   2      //    Lcd1602_Write_Cmd(0x01);
  18   2          Lcd1602_Write_Cmd(0x80+keyWei);
  19   2          temp_password[keyWei]=Input;
  20   2          Lcd1602_Write_Data(Input+'0');
  21   2          keyWei++;
  22   2        }
  23   1        if(Input==16)
  24   1        {
  25   2          if(make_sure()==0)
  26   2          {
  27   3            Beep=0;
  28   3          }
  29   2        }
  30   1        
  31   1      }
  32          
  33          int make_sure()
  34          {
  35   1        unsigned char i=0;
  36   1        for(i;i<5;i++)
  37   1        {
  38   2          if(temp_password[i]!=password_original[i])
  39   2          {
  40   3            return 0;
  41   3          }
  42   2        }
  43   1        return 1;
  44   1      }


MODULE INFORMATION:   STATIC OVERLAYABLE
   CODE SIZE        =    103    ----
   CONSTANT SIZE    =   ----    ----
   XDATA SIZE       =   ----    ----
   PDATA SIZE       =   ----    ----
   DATA SIZE        =     16       1
   IDATA SIZE       =   ----    ----
C51 COMPILER V9.59.0.0   SECRET                                                            06/17/2019 14:53:58 PAGE 2   

   BIT SIZE         =   ----    ----
END OF MODULE INFORMATION.


C51 COMPILATION COMPLETE.  0 WARNING(S),  0 ERROR(S)
