C51 COMPILER V9.59.0.0   DS18B20                                                           06/28/2019 08:52:56 PAGE 1   


C51 COMPILER V9.59.0.0, COMPILATION OF MODULE DS18B20
OBJECT MODULE PLACED IN .\Objects\DS18B20.obj
COMPILER INVOKED BY: E:\keil V5\C51\BIN\C51.EXE Hardware\DS18B20\DS18B20.c OPTIMIZE(8,SPEED) BROWSE INCDIR(.\Hardware\Ke
                    -y;.\System;.\Hardware\InfraRed;.\Hardware\Secret;.\Hardware\LCD1602;.\Hardware\DS18B20;.\Hardware\DS1302;.\Hardware\IIC;
                    -.\Hardware\PCF8591;.\Hardware\ULN2003) DEBUG OBJECTEXTEND PRINT(.\Listings\DS18B20.lst) TABS(2) OBJECT(.\Objects\DS18B20
                    -.obj)

line level    source

   1          #include "Sys.h"
   2          
   3          unsigned char datas[] = {0, 0, 0, 0, 0};
   4          
   5          void dsInit()
   6           {
   7   1          
   8   1          unsigned int i;  
   9   1          ds = 0;
  10   1          i = 100;  
  11   1           while(i>0) i--;
  12   1          ds = 1;   
  13   1          i = 4;
  14   1           while(i>0) i--;
  15   1       }
  16           
  17          void dsWait()
  18           {
  19   1            unsigned int i;
  20   1            while(ds);  
  21   1            while(~ds);
  22   1            i = 4;
  23   1            while(i > 0) i--;
  24   1      }
  25          
  26          
  27          bit readBit()
  28          {
  29   1          unsigned int i;
  30   1          bit b;
  31   1          ds = 0;
  32   1          i++;   
  33   1          ds = 1; 
  34   1         i++; i++;  
  35   1          b = ds;
  36   1          i = 8; 
  37   1          while(i>0) i--;
  38   1          return b;
  39   1      }
  40          
  41          unsigned char readByte()
  42          {
  43   1          unsigned int i;
  44   1          unsigned char j, dat;
  45   1         dat = 0;
  46   1          for(i=0; i<8; i++)
  47   1          {
  48   2              j = readBit();
  49   2            
  50   2              dat = (j << 7) | (dat >> 1);
  51   2          }
  52   1          return dat;
C51 COMPILER V9.59.0.0   DS18B20                                                           06/28/2019 08:52:56 PAGE 2   

  53   1      }
  54          
  55          
  56          void writeByte(unsigned char dat)
  57          {
  58   1          unsigned int i;
  59   1          unsigned char j;
  60   1          bit b;
  61   1          for(j = 0; j < 8; j++)
  62   1          {
  63   2              b = dat & 0x01;
  64   2              dat >>= 1;
  65   2          
  66   2              if(b)   
  67   2              {
  68   3                 ds = 0;          i++; i++;  
  69   3                  ds = 1;    
  70   3                  i = 8; while(i>0) i--;  
  71   3              }
  72   2              else  
  73   2              {
  74   3                  ds = 0;
  75   3                i = 8; while(i>0) i--;  
  76   3                  ds = 1;
  77   3                 i++; i++;
  78   3              }
  79   2         }
  80   1      }
  81          
  82          
  83          void sendChangeCmd()
  84          {
  85   1          dsInit();    
  86   1          dsWait();   
  87   1          Delayms(1);    
  88   1          writeByte(0xcc);
  89   1          writeByte(0x44);
  90   1      }
  91          
  92          void sendReadCmd()
  93          {
  94   1          dsInit();
  95   1          dsWait();
  96   1          Delayms(1);
  97   1          writeByte(0xcc); 
  98   1          writeByte(0xbe); 
  99   1      }
 100          
 101          
 102          int getTmpValue()
 103          {
 104   1          unsigned int tmpvalue;
 105   1          int value; 
 106   1          float t;
 107   1          unsigned char low, high;
 108   1          sendReadCmd();
 109   1          
 110   1          low = readByte(); 
 111   1          high = readByte();
 112   1         
 113   1          tmpvalue = high;
 114   1          tmpvalue <<= 8;
C51 COMPILER V9.59.0.0   DS18B20                                                           06/28/2019 08:52:56 PAGE 3   

 115   1          tmpvalue |= low;
 116   1          value = tmpvalue;
 117   1          
 118   1        
 119   1          t = value * 0.0625;
 120   1          
 121   1          value = t * 100 + (value > 0 ? 0.5 : -0.5); //大于0加0.5, 小于0减0.5
 122   1          return value;
 123   1      }
 124          
 125          void displayTemp(int v) 
 126          {
 127   1          unsigned char count;
 128   1      //    unsigned char datas[] = {0, 0, 0, 0, 0};
 129   1          unsigned int tmp = abs(v);
 130   1          datas[0] = tmp / 10000;
 131   1          datas[1] = tmp % 10000 / 1000;
 132   1          datas[2] = tmp % 1000 / 100;
 133   1          datas[3] = tmp % 100 / 10;
 134   1          datas[4] = tmp % 10;
 135   1          Lcd1602_Write_Cmd(0x80);
 136   1          if(v < 0)
 137   1          {
 138   2              Lcd1602_Write_Data('-');
 139   2         }
 140   1          else
 141   1          {
 142   2             Lcd1602_Write_Data('+');
 143   2          }
 144   1          if(datas[0] != 0)
 145   1          {
 146   2              Lcd1602_Write_Data('0'+datas[0]);
 147   2          }
 148   1          for(count = 1; count != 5; count++)
 149   1          {
 150   2              Lcd1602_Write_Data('0'+datas[count]);
 151   2              if(count == 2)
 152   2              {
 153   3                  Lcd1602_Write_Data('.');
 154   3              }
 155   2          }
 156   1          Lcd1602_Write_Data(0xdf);
 157   1          Lcd1602_Write_Data('C');
 158   1      }
 159          
 160          


MODULE INFORMATION:   STATIC OVERLAYABLE
   CODE SIZE        =    541    ----
   CONSTANT SIZE    =   ----    ----
   XDATA SIZE       =   ----    ----
   PDATA SIZE       =   ----    ----
   DATA SIZE        =      5       9
   IDATA SIZE       =   ----    ----
   BIT SIZE         =   ----       2
END OF MODULE INFORMATION.


C51 COMPILATION COMPLETE.  0 WARNING(S),  0 ERROR(S)
