C51 COMPILER V9.59.0.0   SECRET                                                            06/28/2019 08:52:56 PAGE 1   


C51 COMPILER V9.59.0.0, COMPILATION OF MODULE SECRET
OBJECT MODULE PLACED IN .\Objects\Secret.obj
COMPILER INVOKED BY: E:\keil V5\C51\BIN\C51.EXE Hardware\Secret\Secret.c OPTIMIZE(8,SPEED) BROWSE INCDIR(.\Hardware\Key;
                    -.\System;.\Hardware\InfraRed;.\Hardware\Secret;.\Hardware\LCD1602;.\Hardware\DS18B20;.\Hardware\DS1302;.\Hardware\IIC;.\
                    -Hardware\PCF8591;.\Hardware\ULN2003) DEBUG OBJECTEXTEND PRINT(.\Listings\Secret.lst) TABS(2) OBJECT(.\Objects\Secret.obj
                    -)

line level    source

   1          #include "Sys.h"
   2          #include <string.h>
   3          
   4          
   5          uchar password_original[5]={1,2,3,4,5};//原密码
   6          uchar temp_password[5]={0,0,0,0,0};
   7          
   8          
   9          uchar chance=3;
  10          uchar Lock=LockOn;
  11          uint Beeptime;
  12          
  13          extern uchar choosemode;
  14          
  15          void KeyAction()
  16          {
  17   1        uchar Input=22;
  18   1        static uchar keyWei=0;
  19   1        
  20   1        Input=KeyScan();
  21   1        if(Input!=22&&keyWei<5&&Input!=16&&Input!=17&&Input!=18&&Input!=19)
  22   1        { 
  23   2          temp_password[keyWei]=Input;
  24   2          DisplayOneChar(6+keyWei,1,'*');
  25   2          keyWei++;
  26   2        }
  27   1        if(Input==16)//密码确认
  28   1        {
  29   2          keyWei=0;
  30   2          if(make_sure()==0)//输入错误
  31   2          {
  32   3            LcdShowStr(6,1,"     ");
  33   3            chance--;
  34   3            Beeptime=0;
  35   3          }
  36   2          else//输入正确
  37   2          {
  38   3            keyWei=0;
  39   3            choosemode=1;
  40   3            chance=3;
  41   3            Lock=LockOff;
  42   3          }
  43   2        }
  44   1        if(Input==17)//清除
  45   1        {
  46   2          uchar i=0;
  47   2          keyWei=0;
  48   2          Lcd1602_Write_Cmd(0x80);
  49   2          for(i=0;i<5;i++)
  50   2          {
  51   3            LcdShowStr(6,1,"     ");
  52   3            temp_password[i]=0;
C51 COMPILER V9.59.0.0   SECRET                                                            06/28/2019 08:52:56 PAGE 2   

  53   3          }
  54   2        }
  55   1      }
  56          
  57          int make_sure()
  58          {
  59   1        unsigned char i=0;
  60   1        for(i;i<5;i++)
  61   1        {
  62   2          if(temp_password[i]!=password_original[i])
  63   2          {
  64   3            return 0;
  65   3          }
  66   2        }
  67   1        return 1;
  68   1      }
  69          
  70          uchar changesecret()
  71          {
  72   1        uchar Input=22;
  73   1        static uchar keyWei=0;
  74   1        Input=KeyScan();
  75   1        if(Input!=22&&keyWei<5&&Input!=16&&Input!=17&&Input!=18&&Input!=19)
  76   1        { 
  77   2          temp_password[keyWei]=Input;
  78   2          DisplayOneChar(11+keyWei,1,Input+'0');
  79   2          keyWei++;
  80   2        }
  81   1        if(Input==16&&keyWei==5)
  82   1        {
  83   2          uchar i;
  84   2          keyWei=0;
  85   2          strcpy(password_original,temp_password);
  86   2          for(i=0;i<5;i++)
  87   2          {
  88   3            temp_password[i]=0;
  89   3          }
  90   2          Lcd1602_Write_Cmd(0x01);
  91   2          for(i=1;i<6;i++)
  92   2          {
  93   3            I2C_TransmitData(i,password_original[i-1]);
  94   3            Delayms(5);
  95   3          }
  96   2          LcdShowStr(0,0,"Changed.");
  97   2          Delayms(3000);
  98   2          Lcd1602_Write_Cmd(0x01);
  99   2          choosemode=1;
 100   2          return 1;
 101   2        }
 102   1        if(Input==17)
 103   1        {
 104   2          uchar i=0;
 105   2          keyWei=0;
 106   2          Lcd1602_Write_Cmd(0x01);
 107   2          for(i=0;i<5;i++)
 108   2          {
 109   3            temp_password[i]=0;
 110   3          }
 111   2        }
 112   1        return 0;
 113   1      }

C51 COMPILER V9.59.0.0   SECRET                                                            06/28/2019 08:52:56 PAGE 3   


MODULE INFORMATION:   STATIC OVERLAYABLE
   CODE SIZE        =    441    ----
   CONSTANT SIZE    =     15    ----
   XDATA SIZE       =   ----    ----
   PDATA SIZE       =   ----    ----
   DATA SIZE        =     16       4
   IDATA SIZE       =   ----    ----
   BIT SIZE         =   ----    ----
END OF MODULE INFORMATION.


C51 COMPILATION COMPLETE.  0 WARNING(S),  0 ERROR(S)
